<?xml version="1.0" encoding="UTF-8"?>

<mule xmlns:ee="http://www.mulesoft.org/schema/mule/ee/core" xmlns:http="http://www.mulesoft.org/schema/mule/http"
	xmlns="http://www.mulesoft.org/schema/mule/core"
	xmlns:doc="http://www.mulesoft.org/schema/mule/documentation" xmlns:xsi="http://www.w3.org/2001/XMLSchema-instance" xsi:schemaLocation="http://www.mulesoft.org/schema/mule/core http://www.mulesoft.org/schema/mule/core/current/mule.xsd
http://www.mulesoft.org/schema/mule/http http://www.mulesoft.org/schema/mule/http/current/mule-http.xsd
http://www.mulesoft.org/schema/mule/ee/core http://www.mulesoft.org/schema/mule/ee/core/current/mule-ee.xsd">
	<http:listener-config name="HTTP_Listener_config" doc:name="HTTP Listener config" doc:id="df8c4a62-b2e5-4477-b233-4193703c7e78" >
		<http:listener-connection host="0.0.0.0" port="8081" />
	</http:listener-config>
	<flow name="test-dammFlow" doc:id="abe0a0ac-fc9e-486f-ab6b-910ede8fc266" >
		<http:listener doc:name="Listener" doc:id="8bf8c5d7-c6c9-461b-aa5c-33ef719c3d33" config-ref="HTTP_Listener_config" path="/hello"/>
		<ee:transform doc:name="Transform Message" doc:id="6d29b4a7-182c-4d33-a9b2-071b7686e5d8" >
			<ee:message >
				<ee:set-payload ><![CDATA[%dw 2.0
output application/json
---
{
	message : "Hello world"
}]]></ee:set-payload>
			</ee:message>
		</ee:transform>
	</flow>
</mule>
